0 info it worked if it ends with ok
1 verbose cli [ '/Users/Alexis/.nvm/versions/node/v6.3.0/bin/node',
1 verbose cli   '/Users/Alexis/.nvm/versions/node/v6.3.0/bin/npm',
1 verbose cli   'run',
1 verbose cli   'test' ]
2 info using npm@3.10.3
3 info using node@v6.3.0
4 verbose run-script [ 'pretest', 'test', 'posttest' ]
5 info lifecycle node-elasticbeanstalk@1.0.0~pretest: node-elasticbeanstalk@1.0.0
6 silly lifecycle node-elasticbeanstalk@1.0.0~pretest: no script for pretest, continuing
7 info lifecycle node-elasticbeanstalk@1.0.0~test: node-elasticbeanstalk@1.0.0
8 verbose lifecycle node-elasticbeanstalk@1.0.0~test: unsafe-perm in lifecycle true
9 verbose lifecycle node-elasticbeanstalk@1.0.0~test: PATH: /Users/Alexis/.nvm/versions/node/v6.3.0/lib/node_modules/npm/bin/node-gyp-bin:/Users/Alexis/Programming/node-elasticbeanstalk/node_modules/.bin:/Users/Alexis/.nvm/versions/node/v6.3.0/bin:/Users/Alexis/.yarn/bin:/Users/Alexis/Library/Python/2.7/bin:/Users/Alexis/.nvm/versions/node/v6.3.0/bin:/usr/local/bin:/usr/bin:/bin:/usr/sbin:/sbin
10 verbose lifecycle node-elasticbeanstalk@1.0.0~test: CWD: /Users/Alexis/Programming/node-elasticbeanstalk
11 silly lifecycle node-elasticbeanstalk@1.0.0~test: Args: [ '-c', 'eslint deploy/*.js list/*.js terminate/*.js' ]
12 silly lifecycle node-elasticbeanstalk@1.0.0~test: Returned: code: 1  signal: null
13 info lifecycle node-elasticbeanstalk@1.0.0~test: Failed to exec test script
14 verbose stack Error: node-elasticbeanstalk@1.0.0 test: `eslint deploy/*.js list/*.js terminate/*.js`
14 verbose stack Exit status 1
14 verbose stack     at EventEmitter.<anonymous> (/Users/Alexis/.nvm/versions/node/v6.3.0/lib/node_modules/npm/lib/utils/lifecycle.js:242:16)
14 verbose stack     at emitTwo (events.js:106:13)
14 verbose stack     at EventEmitter.emit (events.js:191:7)
14 verbose stack     at ChildProcess.<anonymous> (/Users/Alexis/.nvm/versions/node/v6.3.0/lib/node_modules/npm/lib/utils/spawn.js:40:14)
14 verbose stack     at emitTwo (events.js:106:13)
14 verbose stack     at ChildProcess.emit (events.js:191:7)
14 verbose stack     at maybeClose (internal/child_process.js:852:16)
14 verbose stack     at Process.ChildProcess._handle.onexit (internal/child_process.js:215:5)
15 verbose pkgid node-elasticbeanstalk@1.0.0
16 verbose cwd /Users/Alexis/Programming/node-elasticbeanstalk
17 error Darwin 15.6.0
18 error argv "/Users/Alexis/.nvm/versions/node/v6.3.0/bin/node" "/Users/Alexis/.nvm/versions/node/v6.3.0/bin/npm" "run" "test"
19 error node v6.3.0
20 error npm  v3.10.3
21 error code ELIFECYCLE
22 error node-elasticbeanstalk@1.0.0 test: `eslint deploy/*.js list/*.js terminate/*.js`
22 error Exit status 1
23 error Failed at the node-elasticbeanstalk@1.0.0 test script 'eslint deploy/*.js list/*.js terminate/*.js'.
23 error Make sure you have the latest version of node.js and npm installed.
23 error If you do, this is most likely a problem with the node-elasticbeanstalk package,
23 error not with npm itself.
23 error Tell the author that this fails on your system:
23 error     eslint deploy/*.js list/*.js terminate/*.js
23 error You can get information on how to open an issue for this project with:
23 error     npm bugs node-elasticbeanstalk
23 error Or if that isn't available, you can get their info via:
23 error     npm owner ls node-elasticbeanstalk
23 error There is likely additional logging output above.
24 verbose exit [ 1, true ]
